
*** Running vivado
    with args -log kvadratni_koren_top.vds -m64 -product Vivado -mode batch -messageDb vivado.pb -notrace -source kvadratni_koren_top.tcl



****** Vivado v2020.2 (64-bit)
  **** SW Build 3064766 on Wed Nov 18 09:12:45 MST 2020
  **** IP Build 3064653 on Wed Nov 18 14:17:31 MST 2020
    ** Copyright 1986-2020 Xilinx, Inc. All Rights Reserved.

source kvadratni_koren_top.tcl -notrace
Command: synth_design -top kvadratni_koren_top -part xc7z020clg484-1
Starting synth_design
Attempting to get a license for feature 'Synthesis' and/or device 'xc7z020'
INFO: [Common 17-349] Got license for feature 'Synthesis' and/or device 'xc7z020'
INFO: [Synth 8-7079] Multithreading enabled for synth_design using a maximum of 2 processes.
INFO: [Synth 8-7078] Launching helper process for spawning children vivado processes
INFO: [Synth 8-7075] Helper process launched with PID 4280
---------------------------------------------------------------------------------
Starting Synthesize : Time (s): cpu = 00:00:03 ; elapsed = 00:00:04 . Memory (MB): peak = 1139.148 ; gain = 0.000
---------------------------------------------------------------------------------
INFO: [Synth 8-638] synthesizing module 'kvadratni_koren_top' [D:/PSDS/z4_1/kvadratni_koren/kvadratni_koren.srcs/sources_1/new/kvadratni_koren_top.vhd:46]
	Parameter WIDTH bound to: 32 - type: integer 
ERROR: [Synth 8-97] array index 32 out of range [D:/PSDS/z4_1/kvadratni_koren/kvadratni_koren.srcs/sources_1/new/kvadratni_koren_top.vhd:122]
ERROR: [Synth 8-690] width mismatch in assignment; target has 32 bits, source has 33 bits [D:/PSDS/z4_1/kvadratni_koren/kvadratni_koren.srcs/sources_1/new/kvadratni_koren_top.vhd:122]
WARNING: [Synth 8-614] signal 'x' is read in the process but is not in the sensitivity list [D:/PSDS/z4_1/kvadratni_koren/kvadratni_koren.srcs/sources_1/new/kvadratni_koren_top.vhd:76]
WARNING: [Synth 8-614] signal 'temp' is read in the process but is not in the sensitivity list [D:/PSDS/z4_1/kvadratni_koren/kvadratni_koren.srcs/sources_1/new/kvadratni_koren_top.vhd:76]
ERROR: [Synth 8-285] failed synthesizing module 'kvadratni_koren_top' [D:/PSDS/z4_1/kvadratni_koren/kvadratni_koren.srcs/sources_1/new/kvadratni_koren_top.vhd:46]
---------------------------------------------------------------------------------
Finished Synthesize : Time (s): cpu = 00:00:04 ; elapsed = 00:00:05 . Memory (MB): peak = 1139.148 ; gain = 0.000
---------------------------------------------------------------------------------
synthesize failed
INFO: [Common 17-83] Releasing license: Synthesis
6 Infos, 2 Warnings, 0 Critical Warnings and 4 Errors encountered.
synth_design failed
ERROR: [Common 17-69] Command failed: Vivado Synthesis failed
INFO: [Common 17-206] Exiting Vivado at Wed Nov  9 19:30:48 2022...
