#-----------------------------------------------------------
# Vivado v2020.2 (64-bit)
# SW Build 3064766 on Wed Nov 18 09:12:45 MST 2020
# IP Build 3064653 on Wed Nov 18 14:17:31 MST 2020
# Start of session at: Sun Nov  6 01:19:09 2022
# Process ID: 6736
# Current directory: C:/Users/david/Documents/PSDS/z4_1/kvadratni_koren
# Command line: vivado.exe -gui_launcher_event rodinguilauncherevent9072 C:\Users\david\Documents\PSDS\z4_1\kvadratni_koren\kvadratni_koren.xpr
# Log file: C:/Users/david/Documents/PSDS/z4_1/kvadratni_koren/vivado.log
# Journal file: C:/Users/david/Documents/PSDS/z4_1/kvadratni_koren\vivado.jou
#-----------------------------------------------------------
start_gui
open_project C:/Users/david/Documents/PSDS/z4_1/kvadratni_koren/kvadratni_koren.xpr
WARNING: [filemgmt 56-3] Default IP Output Path : Could not find the directory 'C:/Users/david/Documents/PSDS/z4_1/kvadratni_koren/kvadratni_koren.gen/sources_1'.
Scanning sources...
Finished scanning sources
INFO: [IP_Flow 19-234] Refreshing IP repositories
INFO: [IP_Flow 19-1704] No user IP repositories specified
INFO: [IP_Flow 19-2313] Loaded Vivado IP repository 'C:/Xilinx/Vivado/2020.2/data/ip'.
open_project: Time (s): cpu = 00:00:19 ; elapsed = 00:00:10 . Memory (MB): peak = 1007.652 ; gain = 0.000
update_compile_order -fileset sources_1
update_compile_order -fileset sources_1
launch_runs synth_1 -jobs 2
[Sun Nov  6 01:50:03 2022] Launched synth_1...
Run output will be captured here: C:/Users/david/Documents/PSDS/z4_1/kvadratni_koren/kvadratni_koren.runs/synth_1/runme.log
exit
INFO: [Common 17-206] Exiting Vivado at Sun Nov  6 01:54:20 2022...
